<?xml version="1.0" encoding="UTF-8"?>
<!-- Generated by org.testng.reporters.JUnitReportReporter -->
<testsuite hostname="Adekunles-MacBook-Pro.local" failures="0" tests="1" name="main.authentication" time="39.734" errors="0" timestamp="2022-03-10T19:09:54 WAT" skipped="0">
  <testcase classname="main.authentication" name="loginWithValidCredentials" time="39.734"/>
  <system-out/>
</testsuite> <!-- main.authentication -->
