<?xml version="1.0" encoding="UTF-8"?>
<!-- Generated by org.testng.reporters.JUnitReportReporter -->
<testsuite hostname="Adekunles-MacBook-Pro.local" failures="0" tests="4" name="main.Checkers" time="154.977" errors="0" timestamp="2022-03-07T16:39:40 WAT" skipped="0">
  <testcase classname="main.Checkers" name="closeCaseAsFraud" time="48.348"/>
  <system-out/>
  <testcase classname="main.Checkers" name="reinstateCase" time="32.969"/>
  <system-out/>
  <testcase classname="main.Checkers" name="closeCaseAsFalsePositive" time="32.729"/>
  <system-out/>
  <testcase classname="main.Checkers" name="ViewCases" time="40.931"/>
  <system-out/>
</testsuite> <!-- main.Checkers -->
