<?xml version="1.0" encoding="UTF-8"?>
<!-- Generated by org.testng.reporters.JUnitReportReporter -->
<testsuite hostname="Adekunles-MacBook-Pro.local" failures="0" tests="4" name="main.home" time="59.085" errors="0" timestamp="2022-02-24T12:10:52 WAT" skipped="0">
  <testcase classname="main.home" name="homeLanding" time="13.284"/>
  <system-out/>
  <testcase classname="main.home" name="ApprovalFromHome" time="19.053"/>
  <system-out/>
  <testcase classname="main.home" name="mailNotification" time="13.450"/>
  <system-out/>
  <testcase classname="main.home" name="ApprovalFromApprovalPage" time="13.298"/>
  <system-out/>
</testsuite> <!-- main.home -->
