<?xml version="1.0" encoding="UTF-8"?>
<!-- Generated by org.testng.reporters.JUnitReportReporter -->
<testsuite name="OU.authentication" tests="3" time="40.143" ignored="0" failures="0" timestamp="04 Nov 2021 21:56:33 GMT" skipped="0" hostname="DESKTOP-41C6NK3" errors="0">
  <testcase name="loginWithInvalidCredentials" time="3.407" classname="OU.authentication"/>
  <testcase name="loginWithValidCredentials" time="29.272" classname="OU.authentication"/>
  <testcase name="logoutUser" time="7.464" classname="OU.authentication"/>
</testsuite> <!-- OU.authentication -->
