<?xml version="1.0" encoding="UTF-8"?>
<!-- Generated by org.testng.reporters.JUnitReportReporter -->
<testsuite hostname="Adekunles-MacBook-Pro.local" failures="0" tests="1" name="main.listManagement" time="21.774" errors="0" timestamp="2022-02-24T14:03:09 WAT" skipped="0">
  <testcase classname="main.listManagement" name="activateNdeactivateCreatedLists" time="21.774"/>
  <system-out/>
</testsuite> <!-- main.listManagement -->
