<?xml version="1.0" encoding="UTF-8"?>
<!-- Generated by org.testng.reporters.JUnitReportReporter -->
<testsuite name="main.closeApplication" tests="1" time="9.606" ignored="0" failures="0" timestamp="05 Nov 2021 15:26:03 GMT" skipped="0" hostname="DESKTOP-41C6NK3" errors="0">
  <testcase name="logoutUser" time="9.606" classname="main.closeApplication"/>
</testsuite> <!-- main.closeApplication -->
