<?xml version="1.0" encoding="UTF-8"?>
<!-- Generated by org.testng.reporters.JUnitReportReporter -->
<testsuite hostname="Adekunles-MacBook-Pro.local" failures="0" tests="1" name="main.authentication" time="24.135" errors="0" timestamp="2022-03-07T11:46:47 WAT" skipped="0">
  <testcase classname="main.authentication" name="loginWithValidCredentials" time="24.135"/>
  <system-out/>
</testsuite> <!-- main.authentication -->
