<?xml version="1.0" encoding="UTF-8"?>
<!-- Generated by org.testng.reporters.JUnitReportReporter -->
<testsuite hostname="Adekunles-MacBook-Pro.local" failures="0" tests="2" name="main.dashboard" time="55.659" errors="0" timestamp="2022-02-24T12:10:52 WAT" skipped="0">
  <testcase classname="main.dashboard" name="dashboardFraud" time="28.072"/>
  <system-out/>
  <testcase classname="main.dashboard" name="dashboardCases" time="27.587"/>
  <system-out/>
</testsuite> <!-- main.dashboard -->
