<?xml version="1.0" encoding="UTF-8"?>
<!-- Generated by org.testng.reporters.JUnitReportReporter -->
<testsuite hostname="Adekunles-MacBook-Pro.local" failures="0" tests="1" name="main.manageRequests" time="0.075" errors="0" timestamp="2022-02-16T20:39:38 WAT" skipped="0">
  <testcase classname="main.manageRequests" name="testOutput" time="0.075"/>
  <system-out/>
</testsuite> <!-- main.manageRequests -->
